<?xml version="1.0" encoding="UTF-8"?>
<testsuite name="com.mindex.challenge.service.impl.EmployeeServiceImplTest" tests="1" skipped="0" failures="0" errors="0" timestamp="2023-12-13T01:42:50" hostname="Jamess-Air.lan" time="0.084">
  <properties/>
  <testcase name="testCreateReadUpdate" classname="com.mindex.challenge.service.impl.EmployeeServiceImplTest" time="0.084"/>
  <system-out><![CDATA[2023-12-12 20:42:49.715  INFO 2035 --- [    Test worker] .b.t.c.SpringBootTestContextBootstrapper : Neither @ContextConfiguration nor @ContextHierarchy found for test class [com.mindex.challenge.service.impl.EmployeeServiceImplTest], using SpringBootContextLoader
2023-12-12 20:42:49.715  INFO 2035 --- [    Test worker] o.s.t.c.support.AbstractContextLoader    : Could not detect default resource locations for test class [com.mindex.challenge.service.impl.EmployeeServiceImplTest]: no resource found for suffixes {-context.xml, Context.groovy}.
2023-12-12 20:42:49.715  INFO 2035 --- [    Test worker] t.c.s.AnnotationConfigContextLoaderUtils : Could not detect default configuration classes for test class [com.mindex.challenge.service.impl.EmployeeServiceImplTest]: EmployeeServiceImplTest does not declare any static, non-private, non-final, nested classes annotated with @Configuration.
2023-12-12 20:42:49.718  INFO 2035 --- [    Test worker] .b.t.c.SpringBootTestContextBootstrapper : Found @SpringBootConfiguration com.mindex.challenge.ChallengeApplication for test class com.mindex.challenge.service.impl.EmployeeServiceImplTest
2023-12-12 20:42:49.719  INFO 2035 --- [    Test worker] .b.t.c.SpringBootTestContextBootstrapper : Loaded default TestExecutionListener class names from location [META-INF/spring.factories]: [org.springframework.boot.test.autoconfigure.restdocs.RestDocsTestExecutionListener, org.springframework.boot.test.autoconfigure.web.client.MockRestServiceServerResetTestExecutionListener, org.springframework.boot.test.autoconfigure.web.servlet.MockMvcPrintOnlyOnFailureTestExecutionListener, org.springframework.boot.test.autoconfigure.web.servlet.WebDriverTestExecutionListener, org.springframework.boot.test.mock.mockito.MockitoTestExecutionListener, org.springframework.boot.test.mock.mockito.ResetMocksTestExecutionListener, org.springframework.test.context.web.ServletTestExecutionListener, org.springframework.test.context.support.DirtiesContextBeforeModesTestExecutionListener, org.springframework.test.context.support.DependencyInjectionTestExecutionListener, org.springframework.test.context.support.DirtiesContextTestExecutionListener, org.springframework.test.context.transaction.TransactionalTestExecutionListener, org.springframework.test.context.jdbc.SqlScriptsTestExecutionListener, org.springframework.test.context.event.EventPublishingTestExecutionListener]
2023-12-12 20:42:49.719  INFO 2035 --- [    Test worker] .b.t.c.SpringBootTestContextBootstrapper : Using TestExecutionListeners: [org.springframework.test.context.web.ServletTestExecutionListener@2f835c42, org.springframework.test.context.support.DirtiesContextBeforeModesTestExecutionListener@1ab502d4, org.springframework.boot.test.mock.mockito.MockitoTestExecutionListener@44b49620, org.springframework.boot.test.autoconfigure.SpringBootDependencyInjectionTestExecutionListener@36d7d970, org.springframework.test.context.support.DirtiesContextTestExecutionListener@383f2a4, org.springframework.test.context.transaction.TransactionalTestExecutionListener@3112f3a2, org.springframework.test.context.jdbc.SqlScriptsTestExecutionListener@51776636, org.springframework.test.context.event.EventPublishingTestExecutionListener@59e32931, org.springframework.boot.test.autoconfigure.restdocs.RestDocsTestExecutionListener@45e9f67b, org.springframework.boot.test.autoconfigure.web.client.MockRestServiceServerResetTestExecutionListener@63c08287, org.springframework.boot.test.autoconfigure.web.servlet.MockMvcPrintOnlyOnFailureTestExecutionListener@96c1e1f, org.springframework.boot.test.autoconfigure.web.servlet.WebDriverTestExecutionListener@490604a2, org.springframework.boot.test.mock.mockito.ResetMocksTestExecutionListener@43d679d7]

  .   ____          _            __ _ _
 /\\ / ___'_ __ _ _(_)_ __  __ _ \ \ \ \
( ( )\___ | '_ | '_| | '_ \/ _` | \ \ \ \
 \\/  ___)| |_)| | | | | || (_| |  ) ) ) )
  '  |____| .__|_| |_|_| |_\__, | / / / /
 =========|_|==============|___/=/_/_/_/
 :: Spring Boot ::        (v2.2.0.RELEASE)

2023-12-12 20:42:49.726  INFO 2035 --- [    Test worker] c.m.c.s.impl.EmployeeServiceImplTest     : Starting EmployeeServiceImplTest on Jamess-Air.lan with PID 2035 (started by jamesmcgarity in /Users/jamesmcgarity/Downloads/mindex-java-code-challenge)
2023-12-12 20:42:49.727 DEBUG 2035 --- [    Test worker] c.m.c.s.impl.EmployeeServiceImplTest     : Running with Spring Boot v2.2.0.RELEASE, Spring v5.2.0.RELEASE
2023-12-12 20:42:49.727  INFO 2035 --- [    Test worker] c.m.c.s.impl.EmployeeServiceImplTest     : No active profile set, falling back to default profiles: default
2023-12-12 20:42:49.759  INFO 2035 --- [    Test worker] .s.d.r.c.RepositoryConfigurationDelegate : Bootstrapping Spring Data repositories in DEFAULT mode.
2023-12-12 20:42:49.762  INFO 2035 --- [    Test worker] .s.d.r.c.RepositoryConfigurationDelegate : Finished Spring Data repository scanning in 2ms. Found 2 repository interfaces.
2023-12-12 20:42:49.844  INFO 2035 --- [    Test worker] o.s.b.w.embedded.tomcat.TomcatWebServer  : Tomcat initialized with port(s): 0 (http)
2023-12-12 20:42:49.849  INFO 2035 --- [    Test worker] o.apache.catalina.core.StandardService   : Starting service [Tomcat]
2023-12-12 20:42:49.849  INFO 2035 --- [    Test worker] org.apache.catalina.core.StandardEngine  : Starting Servlet engine: [Apache Tomcat/9.0.27]
2023-12-12 20:42:49.891  INFO 2035 --- [    Test worker] o.a.c.c.C.[Tomcat].[localhost].[/]       : Initializing Spring embedded WebApplicationContext
2023-12-12 20:42:49.891  INFO 2035 --- [    Test worker] o.s.web.context.ContextLoader            : Root WebApplicationContext: initialization completed in 163 ms
2023-12-12 20:42:49.925  INFO 2035 --- [    Test worker] de.bwaldvogel.mongo.MongoServer          : started MongoServer(port: 49320, ssl: false)
2023-12-12 20:42:49.925  INFO 2035 --- [    Test worker] org.mongodb.driver.cluster               : Cluster created with settings {hosts=[127.0.0.1:49320], mode=SINGLE, requiredClusterType=UNKNOWN, serverSelectionTimeout='30000 ms', maxWaitQueueSize=500}
2023-12-12 20:42:49.926  INFO 2035 --- [-server-worker1] d.b.mongo.wire.MongoWireProtocolHandler  : client [id: 0x3babc7ed, L:/127.0.0.1:49320 - R:/127.0.0.1:49321] connected
2023-12-12 20:42:49.927  WARN 2035 --- [    Test worker] o.s.data.convert.CustomConversions       : Registering converter from class java.time.LocalDateTime to class java.time.Instant as reading converter although it doesn't convert from a store-supported type! You might wanna check you annotation setup at the converter implementation.
2023-12-12 20:42:49.927  WARN 2035 --- [    Test worker] o.s.data.convert.CustomConversions       : Registering converter from class java.time.Instant to class java.time.LocalDateTime as reading converter although it doesn't convert from a store-supported type! You might wanna check you annotation setup at the converter implementation.
2023-12-12 20:42:49.928  WARN 2035 --- [    Test worker] o.s.data.convert.CustomConversions       : Registering converter from class java.time.LocalDateTime to class java.time.Instant as reading converter although it doesn't convert from a store-supported type! You might wanna check you annotation setup at the converter implementation.
2023-12-12 20:42:49.928  WARN 2035 --- [    Test worker] o.s.data.convert.CustomConversions       : Registering converter from class java.time.Instant to class java.time.LocalDateTime as reading converter although it doesn't convert from a store-supported type! You might wanna check you annotation setup at the converter implementation.
2023-12-12 20:42:49.930  INFO 2035 --- [127.0.0.1:49320] org.mongodb.driver.connection            : Opened connection [connectionId{localValue:3}] to 127.0.0.1:49320
2023-12-12 20:42:49.930  INFO 2035 --- [127.0.0.1:49320] org.mongodb.driver.cluster               : Monitor thread successfully connected to server with description ServerDescription{address=127.0.0.1:49320, type=STANDALONE, state=CONNECTED, ok=true, version=ServerVersion{versionList=[3, 0, 0]}, minWireVersion=0, maxWireVersion=2, maxDocumentSize=16777216, logicalSessionTimeoutMinutes=null, roundTripTimeNanos=376333}
2023-12-12 20:42:49.944  INFO 2035 --- [-server-worker2] d.b.mongo.wire.MongoWireProtocolHandler  : client [id: 0x441468b3, L:/127.0.0.1:49320 - R:/127.0.0.1:49322] connected
2023-12-12 20:42:49.948  INFO 2035 --- [    Test worker] org.mongodb.driver.connection            : Opened connection [connectionId{localValue:4}] to 127.0.0.1:49320
2023-12-12 20:42:49.948  INFO 2035 --- [-server-worker2] d.b.mongo.backend.AbstractMongoBackend   : created database test
2023-12-12 20:42:49.948  INFO 2035 --- [-server-worker2] d.b.mongo.backend.AbstractMongoDatabase  : adding unique _id index for collection employee
2023-12-12 20:42:49.949  INFO 2035 --- [-server-worker2] d.b.mongo.backend.AbstractMongoDatabase  : created collection test.employee
2023-12-12 20:42:49.981  INFO 2035 --- [    Test worker] o.s.s.concurrent.ThreadPoolTaskExecutor  : Initializing ExecutorService 'applicationTaskExecutor'
2023-12-12 20:42:50.007  WARN 2035 --- [    Test worker] o.s.data.convert.CustomConversions       : Registering converter from class java.time.LocalDateTime to class java.time.Instant as reading converter although it doesn't convert from a store-supported type! You might wanna check you annotation setup at the converter implementation.
2023-12-12 20:42:50.007  WARN 2035 --- [    Test worker] o.s.data.convert.CustomConversions       : Registering converter from class java.time.Instant to class java.time.LocalDateTime as reading converter although it doesn't convert from a store-supported type! You might wanna check you annotation setup at the converter implementation.
2023-12-12 20:42:50.011  WARN 2035 --- [    Test worker] o.s.data.convert.CustomConversions       : Registering converter from class java.time.LocalDateTime to class java.time.Instant as reading converter although it doesn't convert from a store-supported type! You might wanna check you annotation setup at the converter implementation.
2023-12-12 20:42:50.011  WARN 2035 --- [    Test worker] o.s.data.convert.CustomConversions       : Registering converter from class java.time.Instant to class java.time.LocalDateTime as reading converter although it doesn't convert from a store-supported type! You might wanna check you annotation setup at the converter implementation.
2023-12-12 20:42:50.031  INFO 2035 --- [    Test worker] o.s.b.w.embedded.tomcat.TomcatWebServer  : Tomcat started on port(s): 49323 (http) with context path ''
2023-12-12 20:42:50.031  INFO 2035 --- [    Test worker] c.m.c.s.impl.EmployeeServiceImplTest     : Started EmployeeServiceImplTest in 0.311 seconds (JVM running for 1.849)
2023-12-12 20:42:50.074  INFO 2035 --- [o-auto-1-exec-1] o.a.c.c.C.[Tomcat].[localhost].[/]       : Initializing Spring DispatcherServlet 'dispatcherServlet'
2023-12-12 20:42:50.075  INFO 2035 --- [o-auto-1-exec-1] o.s.web.servlet.DispatcherServlet        : Initializing Servlet 'dispatcherServlet'
2023-12-12 20:42:50.080  INFO 2035 --- [o-auto-1-exec-1] o.s.web.servlet.DispatcherServlet        : Completed initialization in 5 ms
2023-12-12 20:42:50.093 DEBUG 2035 --- [o-auto-1-exec-1] c.m.c.controller.EmployeeController      : Received employee create request for [com.mindex.challenge.data.Employee@79a1cb4a]
2023-12-12 20:42:50.093 DEBUG 2035 --- [o-auto-1-exec-1] c.m.c.service.impl.EmployeeServiceImpl   : Creating employee [com.mindex.challenge.data.Employee@79a1cb4a]
2023-12-12 20:42:50.102 DEBUG 2035 --- [o-auto-1-exec-2] c.m.c.controller.EmployeeController      : Received employee create request for id [b1f44366-85c9-4059-ade1-6b6249004b4f]
2023-12-12 20:42:50.104 DEBUG 2035 --- [o-auto-1-exec-2] c.m.c.service.impl.EmployeeServiceImpl   : Creating employee with id [b1f44366-85c9-4059-ade1-6b6249004b4f]
2023-12-12 20:42:50.110 DEBUG 2035 --- [o-auto-1-exec-3] c.m.c.controller.EmployeeController      : Received employee create request for id [b1f44366-85c9-4059-ade1-6b6249004b4f] and employee [com.mindex.challenge.data.Employee@7d1aa30d]
2023-12-12 20:42:50.111 DEBUG 2035 --- [o-auto-1-exec-3] c.m.c.service.impl.EmployeeServiceImpl   : Updating employee [com.mindex.challenge.data.Employee@7d1aa30d]
]]></system-out>
  <system-err><![CDATA[]]></system-err>
</testsuite>
