<?xml version="1.0" encoding="UTF-8"?>
<testsuite name="com.mindex.challenge.ChallengeApplicationTests" tests="1" skipped="0" failures="0" errors="0" timestamp="2023-12-13T01:42:50" hostname="Jamess-Air.lan" time="0.002">
  <properties/>
  <testcase name="contextLoads" classname="com.mindex.challenge.ChallengeApplicationTests" time="0.002"/>
  <system-out><![CDATA[2023-12-12 20:42:50.118  INFO 2035 --- [    Test worker] .b.t.c.SpringBootTestContextBootstrapper : Neither @ContextConfiguration nor @ContextHierarchy found for test class [com.mindex.challenge.ChallengeApplicationTests], using SpringBootContextLoader
2023-12-12 20:42:50.118  INFO 2035 --- [    Test worker] o.s.t.c.support.AbstractContextLoader    : Could not detect default resource locations for test class [com.mindex.challenge.ChallengeApplicationTests]: no resource found for suffixes {-context.xml, Context.groovy}.
2023-12-12 20:42:50.118  INFO 2035 --- [    Test worker] t.c.s.AnnotationConfigContextLoaderUtils : Could not detect default configuration classes for test class [com.mindex.challenge.ChallengeApplicationTests]: ChallengeApplicationTests does not declare any static, non-private, non-final, nested classes annotated with @Configuration.
2023-12-12 20:42:50.119  INFO 2035 --- [    Test worker] .b.t.c.SpringBootTestContextBootstrapper : Found @SpringBootConfiguration com.mindex.challenge.ChallengeApplication for test class com.mindex.challenge.ChallengeApplicationTests
2023-12-12 20:42:50.119  INFO 2035 --- [    Test worker] .b.t.c.SpringBootTestContextBootstrapper : Loaded default TestExecutionListener class names from location [META-INF/spring.factories]: [org.springframework.boot.test.autoconfigure.restdocs.RestDocsTestExecutionListener, org.springframework.boot.test.autoconfigure.web.client.MockRestServiceServerResetTestExecutionListener, org.springframework.boot.test.autoconfigure.web.servlet.MockMvcPrintOnlyOnFailureTestExecutionListener, org.springframework.boot.test.autoconfigure.web.servlet.WebDriverTestExecutionListener, org.springframework.boot.test.mock.mockito.MockitoTestExecutionListener, org.springframework.boot.test.mock.mockito.ResetMocksTestExecutionListener, org.springframework.test.context.web.ServletTestExecutionListener, org.springframework.test.context.support.DirtiesContextBeforeModesTestExecutionListener, org.springframework.test.context.support.DependencyInjectionTestExecutionListener, org.springframework.test.context.support.DirtiesContextTestExecutionListener, org.springframework.test.context.transaction.TransactionalTestExecutionListener, org.springframework.test.context.jdbc.SqlScriptsTestExecutionListener, org.springframework.test.context.event.EventPublishingTestExecutionListener]
2023-12-12 20:42:50.119  INFO 2035 --- [    Test worker] .b.t.c.SpringBootTestContextBootstrapper : Using TestExecutionListeners: [org.springframework.test.context.web.ServletTestExecutionListener@4644940c, org.springframework.test.context.support.DirtiesContextBeforeModesTestExecutionListener@25a2d491, org.springframework.boot.test.mock.mockito.MockitoTestExecutionListener@600bf73a, org.springframework.boot.test.autoconfigure.SpringBootDependencyInjectionTestExecutionListener@2ea3944d, org.springframework.test.context.support.DirtiesContextTestExecutionListener@4c258161, org.springframework.test.context.transaction.TransactionalTestExecutionListener@7f10d228, org.springframework.test.context.jdbc.SqlScriptsTestExecutionListener@401d48d7, org.springframework.test.context.event.EventPublishingTestExecutionListener@722ead65, org.springframework.boot.test.autoconfigure.restdocs.RestDocsTestExecutionListener@126014c8, org.springframework.boot.test.autoconfigure.web.client.MockRestServiceServerResetTestExecutionListener@6b18153e, org.springframework.boot.test.autoconfigure.web.servlet.MockMvcPrintOnlyOnFailureTestExecutionListener@4169b37a, org.springframework.boot.test.autoconfigure.web.servlet.WebDriverTestExecutionListener@46ab7bb7, org.springframework.boot.test.mock.mockito.ResetMocksTestExecutionListener@54fff1fe]
]]></system-out>
  <system-err><![CDATA[]]></system-err>
</testsuite>
