<?xml version="1.0" encoding="UTF-8"?>
<testsuite name="com.mindex.challenge.DataBootstrapTest" tests="1" skipped="0" failures="0" errors="0" timestamp="2023-12-13T01:42:49" hostname="Jamess-Air.lan" time="0.121">
  <properties/>
  <testcase name="test" classname="com.mindex.challenge.DataBootstrapTest" time="0.121"/>
  <system-out><![CDATA[20:42:48.455 [Test worker] DEBUG org.springframework.test.context.junit4.SpringJUnit4ClassRunner - SpringJUnit4ClassRunner constructor called with [class com.mindex.challenge.DataBootstrapTest]
20:42:48.458 [Test worker] DEBUG org.springframework.test.context.BootstrapUtils - Instantiating CacheAwareContextLoaderDelegate from class [org.springframework.test.context.cache.DefaultCacheAwareContextLoaderDelegate]
20:42:48.462 [Test worker] DEBUG org.springframework.test.context.BootstrapUtils - Instantiating BootstrapContext using constructor [public org.springframework.test.context.support.DefaultBootstrapContext(java.lang.Class,org.springframework.test.context.CacheAwareContextLoaderDelegate)]
20:42:48.476 [Test worker] DEBUG org.springframework.test.context.BootstrapUtils - Instantiating TestContextBootstrapper for test class [com.mindex.challenge.DataBootstrapTest] from class [org.springframework.boot.test.context.SpringBootTestContextBootstrapper]
20:42:48.484 [Test worker] INFO org.springframework.boot.test.context.SpringBootTestContextBootstrapper - Neither @ContextConfiguration nor @ContextHierarchy found for test class [com.mindex.challenge.DataBootstrapTest], using SpringBootContextLoader
20:42:48.486 [Test worker] DEBUG org.springframework.test.context.support.AbstractContextLoader - Did not detect default resource location for test class [com.mindex.challenge.DataBootstrapTest]: class path resource [com/mindex/challenge/DataBootstrapTest-context.xml] does not exist
20:42:48.486 [Test worker] DEBUG org.springframework.test.context.support.AbstractContextLoader - Did not detect default resource location for test class [com.mindex.challenge.DataBootstrapTest]: class path resource [com/mindex/challenge/DataBootstrapTestContext.groovy] does not exist
20:42:48.486 [Test worker] INFO org.springframework.test.context.support.AbstractContextLoader - Could not detect default resource locations for test class [com.mindex.challenge.DataBootstrapTest]: no resource found for suffixes {-context.xml, Context.groovy}.
20:42:48.486 [Test worker] INFO org.springframework.test.context.support.AnnotationConfigContextLoaderUtils - Could not detect default configuration classes for test class [com.mindex.challenge.DataBootstrapTest]: DataBootstrapTest does not declare any static, non-private, non-final, nested classes annotated with @Configuration.
20:42:48.505 [Test worker] DEBUG org.springframework.test.context.support.ActiveProfilesUtils - Could not find an 'annotation declaring class' for annotation type [org.springframework.test.context.ActiveProfiles] and class [com.mindex.challenge.DataBootstrapTest]
20:42:48.539 [Test worker] DEBUG org.springframework.context.annotation.ClassPathScanningCandidateComponentProvider - Identified candidate component class: file [/Users/jamesmcgarity/Downloads/mindex-java-code-challenge/build/classes/java/main/com/mindex/challenge/ChallengeApplication.class]
20:42:48.540 [Test worker] INFO org.springframework.boot.test.context.SpringBootTestContextBootstrapper - Found @SpringBootConfiguration com.mindex.challenge.ChallengeApplication for test class com.mindex.challenge.DataBootstrapTest
20:42:48.568 [Test worker] DEBUG org.springframework.boot.test.context.SpringBootTestContextBootstrapper - @TestExecutionListeners is not present for class [com.mindex.challenge.DataBootstrapTest]: using defaults.
20:42:48.569 [Test worker] INFO org.springframework.boot.test.context.SpringBootTestContextBootstrapper - Loaded default TestExecutionListener class names from location [META-INF/spring.factories]: [org.springframework.boot.test.autoconfigure.restdocs.RestDocsTestExecutionListener, org.springframework.boot.test.autoconfigure.web.client.MockRestServiceServerResetTestExecutionListener, org.springframework.boot.test.autoconfigure.web.servlet.MockMvcPrintOnlyOnFailureTestExecutionListener, org.springframework.boot.test.autoconfigure.web.servlet.WebDriverTestExecutionListener, org.springframework.boot.test.mock.mockito.MockitoTestExecutionListener, org.springframework.boot.test.mock.mockito.ResetMocksTestExecutionListener, org.springframework.test.context.web.ServletTestExecutionListener, org.springframework.test.context.support.DirtiesContextBeforeModesTestExecutionListener, org.springframework.test.context.support.DependencyInjectionTestExecutionListener, org.springframework.test.context.support.DirtiesContextTestExecutionListener, org.springframework.test.context.transaction.TransactionalTestExecutionListener, org.springframework.test.context.jdbc.SqlScriptsTestExecutionListener, org.springframework.test.context.event.EventPublishingTestExecutionListener]
20:42:48.575 [Test worker] INFO org.springframework.boot.test.context.SpringBootTestContextBootstrapper - Using TestExecutionListeners: [org.springframework.test.context.web.ServletTestExecutionListener@704474b7, org.springframework.test.context.support.DirtiesContextBeforeModesTestExecutionListener@43d6a740, org.springframework.boot.test.mock.mockito.MockitoTestExecutionListener@1ff9e501, org.springframework.boot.test.autoconfigure.SpringBootDependencyInjectionTestExecutionListener@30d3268a, org.springframework.test.context.support.DirtiesContextTestExecutionListener@63610deb, org.springframework.test.context.transaction.TransactionalTestExecutionListener@157b4a60, org.springframework.test.context.jdbc.SqlScriptsTestExecutionListener@457a6423, org.springframework.test.context.event.EventPublishingTestExecutionListener@6c34fd70, org.springframework.boot.test.autoconfigure.restdocs.RestDocsTestExecutionListener@751bb48, org.springframework.boot.test.autoconfigure.web.client.MockRestServiceServerResetTestExecutionListener@4836c988, org.springframework.boot.test.autoconfigure.web.servlet.MockMvcPrintOnlyOnFailureTestExecutionListener@5efbf7d1, org.springframework.boot.test.autoconfigure.web.servlet.WebDriverTestExecutionListener@156f5e03, org.springframework.boot.test.mock.mockito.ResetMocksTestExecutionListener@1fee2c1d]
20:42:48.575 [Test worker] DEBUG org.springframework.test.annotation.ProfileValueUtils - Retrieved @ProfileValueSourceConfiguration [null] for test class [com.mindex.challenge.DataBootstrapTest]
20:42:48.576 [Test worker] DEBUG org.springframework.test.annotation.ProfileValueUtils - Retrieved ProfileValueSource type [class org.springframework.test.annotation.SystemProfileValueSource] for class [com.mindex.challenge.DataBootstrapTest]
20:42:48.576 [Test worker] DEBUG org.springframework.test.annotation.ProfileValueUtils - Retrieved @ProfileValueSourceConfiguration [null] for test class [com.mindex.challenge.DataBootstrapTest]
20:42:48.576 [Test worker] DEBUG org.springframework.test.annotation.ProfileValueUtils - Retrieved ProfileValueSource type [class org.springframework.test.annotation.SystemProfileValueSource] for class [com.mindex.challenge.DataBootstrapTest]
20:42:48.578 [Test worker] DEBUG org.springframework.test.context.support.AbstractDirtiesContextTestExecutionListener - Before test class: context [DefaultTestContext@27724e3 testClass = DataBootstrapTest, testInstance = [null], testMethod = [null], testException = [null], mergedContextConfiguration = [WebMergedContextConfiguration@2ad6a5e9 testClass = DataBootstrapTest, locations = '{}', classes = '{class com.mindex.challenge.ChallengeApplication}', contextInitializerClasses = '[]', activeProfiles = '{}', propertySourceLocations = '{}', propertySourceProperties = '{org.springframework.boot.test.context.SpringBootTestContextBootstrapper=true}', contextCustomizers = set[org.springframework.boot.test.autoconfigure.properties.PropertyMappingContextCustomizer@0, org.springframework.boot.test.autoconfigure.web.servlet.WebDriverContextCustomizerFactory$Customizer@3b6ad570, org.springframework.boot.test.context.filter.ExcludeFilterContextCustomizer@4d8f08e0, org.springframework.boot.test.json.DuplicateJsonObjectContextCustomizerFactory$DuplicateJsonObjectContextCustomizer@30221910, org.springframework.boot.test.mock.mockito.MockitoContextCustomizer@0, org.springframework.boot.test.web.client.TestRestTemplateContextCustomizer@5b10f57], resourceBasePath = 'src/main/webapp', contextLoader = 'org.springframework.boot.test.context.SpringBootContextLoader', parent = [null]], attributes = map['org.springframework.test.context.web.ServletTestExecutionListener.activateListener' -> true]], class annotated with @DirtiesContext [false] with mode [null].
20:42:48.578 [Test worker] DEBUG org.springframework.test.annotation.ProfileValueUtils - Retrieved @ProfileValueSourceConfiguration [null] for test class [com.mindex.challenge.DataBootstrapTest]
20:42:48.578 [Test worker] DEBUG org.springframework.test.annotation.ProfileValueUtils - Retrieved ProfileValueSource type [class org.springframework.test.annotation.SystemProfileValueSource] for class [com.mindex.challenge.DataBootstrapTest]
20:42:48.586 [Test worker] DEBUG org.springframework.test.context.support.TestPropertySourceUtils - Adding inlined properties to environment: {spring.jmx.enabled=false, org.springframework.boot.test.context.SpringBootTestContextBootstrapper=true, server.port=-1}

  .   ____          _            __ _ _
 /\\ / ___'_ __ _ _(_)_ __  __ _ \ \ \ \
( ( )\___ | '_ | '_| | '_ \/ _` | \ \ \ \
 \\/  ___)| |_)| | | | | || (_| |  ) ) ) )
  '  |____| .__|_| |_|_| |_\__, | / / / /
 =========|_|==============|___/=/_/_/_/
 :: Spring Boot ::        (v2.2.0.RELEASE)

2023-12-12 20:42:48.683  INFO 2035 --- [    Test worker] com.mindex.challenge.DataBootstrapTest   : Starting DataBootstrapTest on Jamess-Air.lan with PID 2035 (started by jamesmcgarity in /Users/jamesmcgarity/Downloads/mindex-java-code-challenge)
2023-12-12 20:42:48.683 DEBUG 2035 --- [    Test worker] com.mindex.challenge.DataBootstrapTest   : Running with Spring Boot v2.2.0.RELEASE, Spring v5.2.0.RELEASE
2023-12-12 20:42:48.684  INFO 2035 --- [    Test worker] com.mindex.challenge.DataBootstrapTest   : No active profile set, falling back to default profiles: default
2023-12-12 20:42:48.843  INFO 2035 --- [    Test worker] .s.d.r.c.RepositoryConfigurationDelegate : Bootstrapping Spring Data repositories in DEFAULT mode.
2023-12-12 20:42:48.866  INFO 2035 --- [    Test worker] .s.d.r.c.RepositoryConfigurationDelegate : Finished Spring Data repository scanning in 20ms. Found 2 repository interfaces.
2023-12-12 20:42:49.116  INFO 2035 --- [    Test worker] de.bwaldvogel.mongo.MongoServer          : started MongoServer(port: 49317, ssl: false)
2023-12-12 20:42:49.139  INFO 2035 --- [    Test worker] org.mongodb.driver.cluster               : Cluster created with settings {hosts=[127.0.0.1:49317], mode=SINGLE, requiredClusterType=UNKNOWN, serverSelectionTimeout='30000 ms', maxWaitQueueSize=500}
2023-12-12 20:42:49.162  INFO 2035 --- [-server-worker1] d.b.mongo.wire.MongoWireProtocolHandler  : client [id: 0x3f2e73ec, L:/127.0.0.1:49317 - R:/127.0.0.1:49318] connected
2023-12-12 20:42:49.183  WARN 2035 --- [    Test worker] o.s.data.convert.CustomConversions       : Registering converter from class java.time.LocalDateTime to class java.time.Instant as reading converter although it doesn't convert from a store-supported type! You might wanna check you annotation setup at the converter implementation.
2023-12-12 20:42:49.183  WARN 2035 --- [    Test worker] o.s.data.convert.CustomConversions       : Registering converter from class java.time.Instant to class java.time.LocalDateTime as reading converter although it doesn't convert from a store-supported type! You might wanna check you annotation setup at the converter implementation.
2023-12-12 20:42:49.185  INFO 2035 --- [127.0.0.1:49317] org.mongodb.driver.connection            : Opened connection [connectionId{localValue:1}] to 127.0.0.1:49317
2023-12-12 20:42:49.185  WARN 2035 --- [    Test worker] o.s.data.convert.CustomConversions       : Registering converter from class java.time.LocalDateTime to class java.time.Instant as reading converter although it doesn't convert from a store-supported type! You might wanna check you annotation setup at the converter implementation.
2023-12-12 20:42:49.185  WARN 2035 --- [    Test worker] o.s.data.convert.CustomConversions       : Registering converter from class java.time.Instant to class java.time.LocalDateTime as reading converter although it doesn't convert from a store-supported type! You might wanna check you annotation setup at the converter implementation.
2023-12-12 20:42:49.186  INFO 2035 --- [127.0.0.1:49317] org.mongodb.driver.cluster               : Monitor thread successfully connected to server with description ServerDescription{address=127.0.0.1:49317, type=STANDALONE, state=CONNECTED, ok=true, version=ServerVersion{versionList=[3, 0, 0]}, minWireVersion=0, maxWireVersion=2, maxDocumentSize=16777216, logicalSessionTimeoutMinutes=null, roundTripTimeNanos=679958}
2023-12-12 20:42:49.331  INFO 2035 --- [-server-worker2] d.b.mongo.wire.MongoWireProtocolHandler  : client [id: 0x111de6b5, L:/127.0.0.1:49317 - R:/127.0.0.1:49319] connected
2023-12-12 20:42:49.335  INFO 2035 --- [    Test worker] org.mongodb.driver.connection            : Opened connection [connectionId{localValue:2}] to 127.0.0.1:49317
2023-12-12 20:42:49.342  INFO 2035 --- [-server-worker2] d.b.mongo.backend.AbstractMongoBackend   : created database test
2023-12-12 20:42:49.346  INFO 2035 --- [-server-worker2] d.b.mongo.backend.AbstractMongoDatabase  : adding unique _id index for collection employee
2023-12-12 20:42:49.347  INFO 2035 --- [-server-worker2] d.b.mongo.backend.AbstractMongoDatabase  : created collection test.employee
2023-12-12 20:42:49.487  INFO 2035 --- [    Test worker] o.s.s.concurrent.ThreadPoolTaskExecutor  : Initializing ExecutorService 'applicationTaskExecutor'
2023-12-12 20:42:49.553  WARN 2035 --- [    Test worker] o.s.data.convert.CustomConversions       : Registering converter from class java.time.LocalDateTime to class java.time.Instant as reading converter although it doesn't convert from a store-supported type! You might wanna check you annotation setup at the converter implementation.
2023-12-12 20:42:49.553  WARN 2035 --- [    Test worker] o.s.data.convert.CustomConversions       : Registering converter from class java.time.Instant to class java.time.LocalDateTime as reading converter although it doesn't convert from a store-supported type! You might wanna check you annotation setup at the converter implementation.
2023-12-12 20:42:49.560  WARN 2035 --- [    Test worker] o.s.data.convert.CustomConversions       : Registering converter from class java.time.LocalDateTime to class java.time.Instant as reading converter although it doesn't convert from a store-supported type! You might wanna check you annotation setup at the converter implementation.
2023-12-12 20:42:49.560  WARN 2035 --- [    Test worker] o.s.data.convert.CustomConversions       : Registering converter from class java.time.Instant to class java.time.LocalDateTime as reading converter although it doesn't convert from a store-supported type! You might wanna check you annotation setup at the converter implementation.
2023-12-12 20:42:49.584  INFO 2035 --- [    Test worker] com.mindex.challenge.DataBootstrapTest   : Started DataBootstrapTest in 0.993 seconds (JVM running for 1.402)
]]></system-out>
  <system-err><![CDATA[]]></system-err>
</testsuite>
